<?xml version="1.0" encoding="UTF-8"?>
<testsuite name="com.shklog.ShklogApplicationTest" tests="1" skipped="1" failures="0" errors="0" timestamp="2024-09-23T11:55:25" hostname="DESKTOP-PJBH6II" time="0.0">
  <properties/>
  <testcase name="contextLoads()" classname="com.shklog.ShklogApplicationTest" time="0.0">
    <skipped/>
  </testcase>
  <system-out><![CDATA[2024-09-23T20:55:22.599+09:00  INFO 32780 --- [    Test worker] t.c.s.AnnotationConfigContextLoaderUtils : Could not detect default configuration classes for test class [com.shklog.ShklogApplicationTest]: ShklogApplicationTest does not declare any static, non-private, non-final, nested classes annotated with @Configuration.
2024-09-23T20:55:22.629+09:00  INFO 32780 --- [    Test worker] .b.t.c.SpringBootTestContextBootstrapper : Found @SpringBootConfiguration com.shklog.ShklogApplication for test class com.shklog.ShklogApplicationTest

  .   ____          _            __ _ _
 /\\ / ___'_ __ _ _(_)_ __  __ _ \ \ \ \
( ( )\___ | '_ | '_| | '_ \/ _` | \ \ \ \
 \\/  ___)| |_)| | | | | || (_| |  ) ) ) )
  '  |____| .__|_| |_|_| |_\__, | / / / /
 =========|_|==============|___/=/_/_/_/
 :: Spring Boot ::                (v3.0.5)

2024-09-23T20:55:22.824+09:00  INFO 32780 --- [    Test worker] com.shklog.ShklogApplicationTest         : Starting ShklogApplicationTest using Java 17.0.9 with PID 32780 (started by dnfhe in C:\Users\dnfhe\work\shklog)
2024-09-23T20:55:22.825+09:00  INFO 32780 --- [    Test worker] com.shklog.ShklogApplicationTest         : No active profile set, falling back to 1 default profile: "default"
2024-09-23T20:55:23.819+09:00  INFO 32780 --- [    Test worker] .s.d.r.c.RepositoryConfigurationDelegate : Bootstrapping Spring Data JPA repositories in DEFAULT mode.
2024-09-23T20:55:23.890+09:00  INFO 32780 --- [    Test worker] .s.d.r.c.RepositoryConfigurationDelegate : Finished Spring Data repository scanning in 71 ms. Found 2 JPA repository interfaces.
2024-09-23T20:55:24.450+09:00  INFO 32780 --- [    Test worker] o.hibernate.jpa.internal.util.LogHelper  : HHH000204: Processing PersistenceUnitInfo [name: default]
2024-09-23T20:55:24.631+09:00  INFO 32780 --- [    Test worker] com.zaxxer.hikari.HikariDataSource       : HikariPool-2 - Starting...
2024-09-23T20:55:24.635+09:00  INFO 32780 --- [    Test worker] com.zaxxer.hikari.pool.HikariPool        : HikariPool-2 - Added connection conn10: url=jdbc:h2:mem:shklog user=SA
2024-09-23T20:55:24.636+09:00  INFO 32780 --- [    Test worker] com.zaxxer.hikari.HikariDataSource       : HikariPool-2 - Start completed.
2024-09-23T20:55:24.637+09:00  INFO 32780 --- [    Test worker] SQL dialect                              : HHH000400: Using dialect: org.hibernate.dialect.H2Dialect
2024-09-23T20:55:24.819+09:00  INFO 32780 --- [    Test worker] org.hibernate.orm.connections.access     : HHH10001501: Connection obtained from JdbcConnectionAccess [org.hibernate.engine.jdbc.env.internal.JdbcEnvironmentInitiator$ConnectionProviderJdbcConnectionAccess@1bb21ec1] for (non-JTA) DDL execution was not in auto-commit mode; the Connection 'local transaction' will be committed and the Connection will be set into auto-commit mode.
2024-09-23T20:55:24.841+09:00  INFO 32780 --- [    Test worker] org.hibernate.orm.connections.access     : HHH10001501: Connection obtained from JdbcConnectionAccess [org.hibernate.engine.jdbc.env.internal.JdbcEnvironmentInitiator$ConnectionProviderJdbcConnectionAccess@63ee2891] for (non-JTA) DDL execution was not in auto-commit mode; the Connection 'local transaction' will be committed and the Connection will be set into auto-commit mode.
2024-09-23T20:55:24.865+09:00  INFO 32780 --- [    Test worker] o.h.e.t.j.p.i.JtaPlatformInitiator       : HHH000490: Using JtaPlatform implementation: [org.hibernate.engine.transaction.jta.platform.internal.NoJtaPlatform]
2024-09-23T20:55:24.866+09:00  INFO 32780 --- [    Test worker] j.LocalContainerEntityManagerFactoryBean : Initialized JPA EntityManagerFactory for persistence unit 'default'
2024-09-23T20:55:25.290+09:00  WARN 32780 --- [    Test worker] JpaBaseConfiguration$JpaWebConfiguration : spring.jpa.open-in-view is enabled by default. Therefore, database queries may be performed during view rendering. Explicitly configure spring.jpa.open-in-view to disable this warning
2024-09-23T20:55:25.686+09:00  INFO 32780 --- [    Test worker] o.s.b.a.h2.H2ConsoleAutoConfiguration    : H2 console available at '/h2-console'. Database available at 'jdbc:h2:mem:shklog'
2024-09-23T20:55:25.770+09:00  WARN 32780 --- [    Test worker] .s.s.UserDetailsServiceAutoConfiguration : 

Using generated security password: fa40bdb3-b703-4209-90b2-42f4e513b2ee

This generated password is for development use only. Your security configuration must be updated before running your application in production.

2024-09-23T20:55:25.806+09:00  INFO 32780 --- [    Test worker] o.s.s.web.DefaultSecurityFilterChain     : Will secure any request with [org.springframework.security.web.session.DisableEncodeUrlFilter@2898cd46, org.springframework.security.web.context.request.async.WebAsyncManagerIntegrationFilter@7ebf5bf, org.springframework.security.web.context.SecurityContextHolderFilter@5d8de4bd, org.springframework.security.web.header.HeaderWriterFilter@7244b40e, org.springframework.security.web.csrf.CsrfFilter@50c9b080, org.springframework.security.web.authentication.logout.LogoutFilter@6442c2dd, org.springframework.security.web.authentication.UsernamePasswordAuthenticationFilter@51617b93, org.springframework.security.web.authentication.ui.DefaultLoginPageGeneratingFilter@7e3c5ef1, org.springframework.security.web.authentication.ui.DefaultLogoutPageGeneratingFilter@5d8cbb32, org.springframework.security.web.authentication.www.BasicAuthenticationFilter@23471f48, org.springframework.security.web.savedrequest.RequestCacheAwareFilter@405d123c, org.springframework.security.web.servletapi.SecurityContextHolderAwareRequestFilter@298f7b0a, org.springframework.security.web.authentication.AnonymousAuthenticationFilter@46aa5294, org.springframework.security.web.access.ExceptionTranslationFilter@2ea8f277, org.springframework.security.web.access.intercept.AuthorizationFilter@2a10a99b]
2024-09-23T20:55:25.895+09:00  INFO 32780 --- [    Test worker] com.shklog.ShklogApplicationTest         : Started ShklogApplicationTest in 3.248 seconds (process running for 33.751)
]]></system-out>
  <system-err><![CDATA[]]></system-err>
</testsuite>
