<?xml version="1.0" encoding="UTF-8"?>
<testsuite name="com.shklog.ShklogApplicationTest" tests="1" skipped="1" failures="0" errors="0" timestamp="2024-10-02T06:24:00" hostname="DESKTOP-PJBH6II" time="0.0">
  <properties/>
  <testcase name="contextLoads()" classname="com.shklog.ShklogApplicationTest" time="0.0">
    <skipped/>
  </testcase>
  <system-out><![CDATA[15:23:52.466 [Test worker] DEBUG org.springframework.boot.test.context.SpringBootTestContextBootstrapper -- Neither @ContextConfiguration nor @ContextHierarchy found for test class [ShklogApplicationTest]: using SpringBootContextLoader
15:23:52.477 [Test worker] DEBUG org.springframework.test.context.support.AbstractContextLoader -- Could not detect default resource locations for test class [com.shklog.ShklogApplicationTest]: no resource found for suffixes {-context.xml, Context.groovy}.
15:23:52.479 [Test worker] INFO org.springframework.test.context.support.AnnotationConfigContextLoaderUtils -- Could not detect default configuration classes for test class [com.shklog.ShklogApplicationTest]: ShklogApplicationTest does not declare any static, non-private, non-final, nested classes annotated with @Configuration.
15:23:52.535 [Test worker] DEBUG org.springframework.boot.test.context.SpringBootTestContextBootstrapper -- Using ContextCustomizers for test class [ShklogApplicationTest]: [DisableObservabilityContextCustomizer, PropertyMappingContextCustomizer, Customizer, ExcludeFilterContextCustomizer, DuplicateJsonObjectContextCustomizer, MockitoContextCustomizer, TestRestTemplateContextCustomizer]
15:23:52.635 [Test worker] DEBUG org.springframework.context.annotation.ClassPathScanningCandidateComponentProvider -- Identified candidate component class: file [C:\Users\dnfhe\work\shklog\build\classes\java\main\com\shklog\ShklogApplication.class]
15:23:52.637 [Test worker] INFO org.springframework.boot.test.context.SpringBootTestContextBootstrapper -- Found @SpringBootConfiguration com.shklog.ShklogApplication for test class com.shklog.ShklogApplicationTest
15:23:52.822 [Test worker] DEBUG org.springframework.boot.test.context.SpringBootTestContextBootstrapper -- Using TestExecutionListeners for test class [ShklogApplicationTest]: [ServletTestExecutionListener, DirtiesContextBeforeModesTestExecutionListener, ApplicationEventsTestExecutionListener, MockitoTestExecutionListener, DependencyInjectionTestExecutionListener, DirtiesContextTestExecutionListener, TransactionalTestExecutionListener, SqlScriptsTestExecutionListener, EventPublishingTestExecutionListener, RestDocsTestExecutionListener, MockRestServiceServerResetTestExecutionListener, MockMvcPrintOnlyOnFailureTestExecutionListener, WebDriverTestExecutionListener, MockWebServiceServerTestExecutionListener, ResetMocksTestExecutionListener]
15:23:52.825 [Test worker] DEBUG org.springframework.test.context.support.AbstractDirtiesContextTestExecutionListener -- Before test class: class [ShklogApplicationTest], class annotated with @DirtiesContext [false] with mode [null]

  .   ____          _            __ _ _
 /\\ / ___'_ __ _ _(_)_ __  __ _ \ \ \ \
( ( )\___ | '_ | '_| | '_ \/ _` | \ \ \ \
 \\/  ___)| |_)| | | | | || (_| |  ) ) ) )
  '  |____| .__|_| |_|_| |_\__, | / / / /
 =========|_|==============|___/=/_/_/_/
 :: Spring Boot ::                (v3.0.5)

2024-10-02T15:23:53.512+09:00  INFO 6548 --- [    Test worker] com.shklog.ShklogApplicationTest         : Starting ShklogApplicationTest using Java 17.0.9 with PID 6548 (started by dnfhe in C:\Users\dnfhe\work\shklog)
2024-10-02T15:23:53.514+09:00  INFO 6548 --- [    Test worker] com.shklog.ShklogApplicationTest         : No active profile set, falling back to 1 default profile: "default"
2024-10-02T15:23:54.743+09:00  INFO 6548 --- [    Test worker] .s.d.r.c.RepositoryConfigurationDelegate : Bootstrapping Spring Data JPA repositories in DEFAULT mode.
2024-10-02T15:23:54.870+09:00  INFO 6548 --- [    Test worker] .s.d.r.c.RepositoryConfigurationDelegate : Finished Spring Data repository scanning in 109 ms. Found 2 JPA repository interfaces.
2024-10-02T15:23:55.587+09:00  INFO 6548 --- [    Test worker] o.hibernate.jpa.internal.util.LogHelper  : HHH000204: Processing PersistenceUnitInfo [name: default]
2024-10-02T15:23:55.717+09:00  INFO 6548 --- [    Test worker] org.hibernate.Version                    : HHH000412: Hibernate ORM core version 6.1.7.Final
2024-10-02T15:23:56.550+09:00  INFO 6548 --- [    Test worker] com.zaxxer.hikari.HikariDataSource       : HikariPool-1 - Starting...
2024-10-02T15:23:56.892+09:00  INFO 6548 --- [    Test worker] com.zaxxer.hikari.pool.HikariPool        : HikariPool-1 - Added connection conn0: url=jdbc:h2:mem:shklog user=SA
2024-10-02T15:23:56.896+09:00  INFO 6548 --- [    Test worker] com.zaxxer.hikari.HikariDataSource       : HikariPool-1 - Start completed.
2024-10-02T15:23:56.962+09:00  INFO 6548 --- [    Test worker] SQL dialect                              : HHH000400: Using dialect: org.hibernate.dialect.H2Dialect
2024-10-02T15:23:58.390+09:00  INFO 6548 --- [    Test worker] org.hibernate.orm.connections.access     : HHH10001501: Connection obtained from JdbcConnectionAccess [org.hibernate.engine.jdbc.env.internal.JdbcEnvironmentInitiator$ConnectionProviderJdbcConnectionAccess@65da1cbe] for (non-JTA) DDL execution was not in auto-commit mode; the Connection 'local transaction' will be committed and the Connection will be set into auto-commit mode.
2024-10-02T15:23:58.404+09:00  INFO 6548 --- [    Test worker] org.hibernate.orm.connections.access     : HHH10001501: Connection obtained from JdbcConnectionAccess [org.hibernate.engine.jdbc.env.internal.JdbcEnvironmentInitiator$ConnectionProviderJdbcConnectionAccess@4f9980e1] for (non-JTA) DDL execution was not in auto-commit mode; the Connection 'local transaction' will be committed and the Connection will be set into auto-commit mode.
2024-10-02T15:23:58.442+09:00  INFO 6548 --- [    Test worker] o.h.e.t.j.p.i.JtaPlatformInitiator       : HHH000490: Using JtaPlatform implementation: [org.hibernate.engine.transaction.jta.platform.internal.NoJtaPlatform]
2024-10-02T15:23:58.461+09:00  INFO 6548 --- [    Test worker] j.LocalContainerEntityManagerFactoryBean : Initialized JPA EntityManagerFactory for persistence unit 'default'
2024-10-02T15:23:59.300+09:00  WARN 6548 --- [    Test worker] JpaBaseConfiguration$JpaWebConfiguration : spring.jpa.open-in-view is enabled by default. Therefore, database queries may be performed during view rendering. Explicitly configure spring.jpa.open-in-view to disable this warning
2024-10-02T15:23:59.858+09:00  INFO 6548 --- [    Test worker] o.s.b.a.h2.H2ConsoleAutoConfiguration    : H2 console available at '/h2-console'. Database available at 'jdbc:h2:mem:shklog'
2024-10-02T15:24:00.155+09:00  INFO 6548 --- [    Test worker] com.shklog.ShklogApplicationTest         : Started ShklogApplicationTest in 7.248 seconds (process running for 9.046)
]]></system-out>
  <system-err><![CDATA[]]></system-err>
</testsuite>
