<?xml version="1.0" encoding="UTF-8"?>
<testsuite name="com.shklog.ShklogApplicationTest" tests="1" skipped="1" failures="0" errors="0" timestamp="2024-09-25T13:16:54" hostname="DESKTOP-PJBH6II" time="0.0">
  <properties/>
  <testcase name="contextLoads()" classname="com.shklog.ShklogApplicationTest" time="0.0">
    <skipped/>
  </testcase>
  <system-out><![CDATA[2024-09-25T22:16:53.092+09:00  INFO 22512 --- [    Test worker] t.c.s.AnnotationConfigContextLoaderUtils : Could not detect default configuration classes for test class [com.shklog.ShklogApplicationTest]: ShklogApplicationTest does not declare any static, non-private, non-final, nested classes annotated with @Configuration.
2024-09-25T22:16:53.105+09:00  INFO 22512 --- [    Test worker] .b.t.c.SpringBootTestContextBootstrapper : Found @SpringBootConfiguration com.shklog.ShklogApplication for test class com.shklog.ShklogApplicationTest

  .   ____          _            __ _ _
 /\\ / ___'_ __ _ _(_)_ __  __ _ \ \ \ \
( ( )\___ | '_ | '_| | '_ \/ _` | \ \ \ \
 \\/  ___)| |_)| | | | | || (_| |  ) ) ) )
  '  |____| .__|_| |_|_| |_\__, | / / / /
 =========|_|==============|___/=/_/_/_/
 :: Spring Boot ::                (v3.0.5)

2024-09-25T22:16:53.168+09:00  INFO 22512 --- [    Test worker] com.shklog.ShklogApplicationTest         : Starting ShklogApplicationTest using Java 17.0.9 with PID 22512 (started by dnfhe in C:\Users\dnfhe\work\shklog)
2024-09-25T22:16:53.169+09:00  INFO 22512 --- [    Test worker] com.shklog.ShklogApplicationTest         : No active profile set, falling back to 1 default profile: "default"
2024-09-25T22:16:53.670+09:00  INFO 22512 --- [    Test worker] .s.d.r.c.RepositoryConfigurationDelegate : Bootstrapping Spring Data JPA repositories in DEFAULT mode.
2024-09-25T22:16:53.700+09:00  INFO 22512 --- [    Test worker] .s.d.r.c.RepositoryConfigurationDelegate : Finished Spring Data repository scanning in 28 ms. Found 2 JPA repository interfaces.
2024-09-25T22:16:53.830+09:00  INFO 22512 --- [    Test worker] o.hibernate.jpa.internal.util.LogHelper  : HHH000204: Processing PersistenceUnitInfo [name: default]
2024-09-25T22:16:53.863+09:00  INFO 22512 --- [    Test worker] com.zaxxer.hikari.HikariDataSource       : HikariPool-2 - Starting...
2024-09-25T22:16:53.865+09:00  INFO 22512 --- [    Test worker] com.zaxxer.hikari.pool.HikariPool        : HikariPool-2 - Added connection conn10: url=jdbc:h2:mem:shklog user=SA
2024-09-25T22:16:53.866+09:00  INFO 22512 --- [    Test worker] com.zaxxer.hikari.HikariDataSource       : HikariPool-2 - Start completed.
2024-09-25T22:16:53.866+09:00  INFO 22512 --- [    Test worker] SQL dialect                              : HHH000400: Using dialect: org.hibernate.dialect.H2Dialect
2024-09-25T22:16:53.945+09:00  INFO 22512 --- [    Test worker] org.hibernate.orm.connections.access     : HHH10001501: Connection obtained from JdbcConnectionAccess [org.hibernate.engine.jdbc.env.internal.JdbcEnvironmentInitiator$ConnectionProviderJdbcConnectionAccess@240b656f] for (non-JTA) DDL execution was not in auto-commit mode; the Connection 'local transaction' will be committed and the Connection will be set into auto-commit mode.
2024-09-25T22:16:53.949+09:00  INFO 22512 --- [    Test worker] org.hibernate.orm.connections.access     : HHH10001501: Connection obtained from JdbcConnectionAccess [org.hibernate.engine.jdbc.env.internal.JdbcEnvironmentInitiator$ConnectionProviderJdbcConnectionAccess@70b67841] for (non-JTA) DDL execution was not in auto-commit mode; the Connection 'local transaction' will be committed and the Connection will be set into auto-commit mode.
2024-09-25T22:16:53.955+09:00  INFO 22512 --- [    Test worker] o.h.e.t.j.p.i.JtaPlatformInitiator       : HHH000490: Using JtaPlatform implementation: [org.hibernate.engine.transaction.jta.platform.internal.NoJtaPlatform]
2024-09-25T22:16:53.956+09:00  INFO 22512 --- [    Test worker] j.LocalContainerEntityManagerFactoryBean : Initialized JPA EntityManagerFactory for persistence unit 'default'
2024-09-25T22:16:54.100+09:00  WARN 22512 --- [    Test worker] JpaBaseConfiguration$JpaWebConfiguration : spring.jpa.open-in-view is enabled by default. Therefore, database queries may be performed during view rendering. Explicitly configure spring.jpa.open-in-view to disable this warning
2024-09-25T22:16:54.218+09:00  INFO 22512 --- [    Test worker] o.s.b.a.h2.H2ConsoleAutoConfiguration    : H2 console available at '/h2-console'. Database available at 'jdbc:h2:mem:shklog'
2024-09-25T22:16:54.254+09:00  WARN 22512 --- [    Test worker] .s.s.UserDetailsServiceAutoConfiguration : 

Using generated security password: 5e34c012-c02c-478c-90be-b11ead611601

This generated password is for development use only. Your security configuration must be updated before running your application in production.

2024-09-25T22:16:54.268+09:00  INFO 22512 --- [    Test worker] o.s.s.web.DefaultSecurityFilterChain     : Will secure any request with [org.springframework.security.web.session.DisableEncodeUrlFilter@93cc5eb, org.springframework.security.web.context.request.async.WebAsyncManagerIntegrationFilter@3ef7064b, org.springframework.security.web.context.SecurityContextHolderFilter@1368ed98, org.springframework.security.web.header.HeaderWriterFilter@346d8002, org.springframework.security.web.csrf.CsrfFilter@762e3836, org.springframework.security.web.authentication.logout.LogoutFilter@bf0025d, org.springframework.security.web.authentication.UsernamePasswordAuthenticationFilter@77fd5501, org.springframework.security.web.authentication.ui.DefaultLoginPageGeneratingFilter@4ff233f9, org.springframework.security.web.authentication.ui.DefaultLogoutPageGeneratingFilter@23bf19c9, org.springframework.security.web.authentication.www.BasicAuthenticationFilter@7c144349, org.springframework.security.web.savedrequest.RequestCacheAwareFilter@1400984b, org.springframework.security.web.servletapi.SecurityContextHolderAwareRequestFilter@17c7cc93, org.springframework.security.web.authentication.AnonymousAuthenticationFilter@7def08fc, org.springframework.security.web.access.ExceptionTranslationFilter@15d2c2ca, org.springframework.security.web.access.intercept.AuthorizationFilter@7cc966a9]
2024-09-25T22:16:54.301+09:00  INFO 22512 --- [    Test worker] com.shklog.ShklogApplicationTest         : Started ShklogApplicationTest in 1.19 seconds (process running for 13.619)
]]></system-out>
  <system-err><![CDATA[]]></system-err>
</testsuite>
